  Problem01.cpp
c:\users\maxwu\documents\github\computer_firmware_design_lab\source\problem01\problem01\problem01.cpp(13): warning C4603: 'IN': 巨集未定義，或是定義在使用先行編譯標頭後變成不同
  c:\users\maxwu\documents\github\computer_firmware_design_lab\source\problem01\problem01\problem01.cpp(13): note: 新增巨集到先行編譯標頭，而不要在此處定義
  c:\users\maxwu\documents\github\computer_firmware_design_lab\source\problem01\problem01\problem01.cpp(19): note: 使用先行編譯標頭
c:\users\maxwu\documents\github\computer_firmware_design_lab\source\problem01\problem01\problem01.cpp(14): warning C4603: 'OUT': 巨集未定義，或是定義在使用先行編譯標頭後變成不同
  c:\users\maxwu\documents\github\computer_firmware_design_lab\source\problem01\problem01\problem01.cpp(14): note: 新增巨集到先行編譯標頭，而不要在此處定義
  c:\users\maxwu\documents\github\computer_firmware_design_lab\source\problem01\problem01\problem01.cpp(19): note: 使用先行編譯標頭
c:\users\maxwu\documents\github\computer_firmware_design_lab\source\problem01\problem01\problem01.cpp(45): error C3861: 'clock': 找不到識別項
c:\users\maxwu\documents\github\computer_firmware_design_lab\source\problem01\problem01\problem01.cpp(45): error C2065: 'CLK_TCK': 未宣告的識別項
c:\users\maxwu\documents\github\computer_firmware_design_lab\source\problem01\problem01\problem01.cpp(46): error C3861: 'system': 找不到識別項
c:\users\maxwu\documents\github\computer_firmware_design_lab\source\problem01\problem01\problem01.cpp(43): error C4996: 'freopen': This function or variable may be unsafe. Consider using freopen_s instead. To disable deprecation, use _CRT_SECURE_NO_WARNINGS. See online help for details.
  c:\program files (x86)\windows kits\10\include\10.0.16299.0\ucrt\stdio.h(242): note: 請參閱 'freopen' 的宣告
c:\users\maxwu\documents\github\computer_firmware_design_lab\source\problem01\problem01\problem01.cpp(44): error C4996: 'freopen': This function or variable may be unsafe. Consider using freopen_s instead. To disable deprecation, use _CRT_SECURE_NO_WARNINGS. See online help for details.
  c:\program files (x86)\windows kits\10\include\10.0.16299.0\ucrt\stdio.h(242): note: 請參閱 'freopen' 的宣告
c:\users\maxwu\documents\github\computer_firmware_design_lab\source\problem01\problem01\problem01.cpp(45): warning C4473: 'printf' : 傳遞給格式字串的引數不足
  c:\users\maxwu\documents\github\computer_firmware_design_lab\source\problem01\problem01\problem01.cpp(45): note: 預留位置及其參數需要 1 個 variadic 引數，但卻提供了 0 個
  c:\users\maxwu\documents\github\computer_firmware_design_lab\source\problem01\problem01\problem01.cpp(45): note: 缺少 variadic 引數 1 (其為格式字串 '%.2f' 所需)
c:\users\maxwu\documents\github\computer_firmware_design_lab\source\problem01\problem01\problem01.cpp(52): error C2065: 'IN': 未宣告的識別項
c:\users\maxwu\documents\github\computer_firmware_design_lab\source\problem01\problem01\problem01.cpp(53): error C2065: 'OUT': 未宣告的識別項
